<?xml version="1.0" encoding="UTF-8"?>
<testsuite name="Spoonacularmealplanner"
           tests="1"
           failures="1"
           errors="0"
           skipped="0"
           time="1.051">
    <properties></properties>

            <testcase
                name="testWineRecommendationForFood"
                time="1.051"
                classname="Tests.WinePairing">

            <failure type="java.lang.IllegalStateException" message="Cannot get a STRING value from a NUMERIC cell">
                <![CDATA[java.lang.IllegalStateException: Cannot get a STRING value from a NUMERIC cell
                org.apache.poi.xssf.usermodel.XSSFCell.typeMismatch(XSSFCell.java:1022)org.apache.poi.xssf.usermodel.XSSFCell.getRichStringCellValue(XSSFCell.java:393)org.apache.poi.xssf.usermodel.XSSFCell.getStringCellValue(XSSFCell.java:342)Tests.WinePairing.testWineRecommendationForFood(WinePairing.java:48)java.base/jdk.internal.reflect.DirectMethodHandleAccessor.invoke(DirectMethodHandleAccessor.java:104)java.base/java.lang.reflect.Method.invoke(Method.java:578)org.testng.internal.MethodInvocationHelper.invokeMethod(MethodInvocationHelper.java:124)org.testng.internal.Invoker.invokeMethod(Invoker.java:580)org.testng.internal.Invoker.invokeTestMethod(Invoker.java:716)org.testng.internal.Invoker.invokeTestMethods(Invoker.java:988)org.testng.internal.TestMethodWorker.invokeTestMethods(TestMethodWorker.java:125)org.testng.internal.TestMethodWorker.run(TestMethodWorker.java:109)org.testng.TestRunner.privateRun(TestRunner.java:648)org.testng.TestRunner.run(TestRunner.java:505)org.testng.SuiteRunner.runTest(SuiteRunner.java:455)org.testng.SuiteRunner.runSequentially(SuiteRunner.java:450)org.testng.SuiteRunner.privateRun(SuiteRunner.java:415)org.testng.SuiteRunner.run(SuiteRunner.java:364)org.testng.SuiteRunnerWorker.runSuite(SuiteRunnerWorker.java:52)org.testng.SuiteRunnerWorker.run(SuiteRunnerWorker.java:84)org.testng.TestNG.runSuitesSequentially(TestNG.java:1208)org.testng.TestNG.runSuitesLocally(TestNG.java:1137)org.testng.TestNG.runSuites(TestNG.java:1049)org.testng.TestNG.run(TestNG.java:1017)com.intellij.rt.testng.IDEARemoteTestNG.run(IDEARemoteTestNG.java:66)com.intellij.rt.testng.RemoteTestNGStarter.main(RemoteTestNGStarter.java:105)
]]>
            </failure>
    </testcase>


</testsuite>
